PROF EVENT 0 a.out 1187350628 0
h compute-0-37.local 7351 0 1 0.000000
t 1 1 47172 0x80495cc 0x80a57f0
p 0
e 0 seconds 100
s 152
b 31 0 0 0 0 0 0 0
s 14
b 1 0 0 0 0 0 0 0
s 24
b 1 0 0 0 0 0 0 0
s 6812
b 1 0 0 0 0 0 0 0
s 5
b 2 0 1 0 0 0 0 2
s 2
b 1 0 0 0 0 0 0 0
s 28
b 3 14 8 2 7 0 2 2
b 3 0 3 0 1 0 18 1
b 10 13 1 5 12 17 1 0
b 0 1 0 0 0 0 0 1
b 1 3 0 1 0 1 0 0
b 3 0 0 1 0 0 0 0
s 31
b 13 0 13 1 20 4 1 4
b 14 5 0 0 0 0 0 1
b 0 1 2 0 2 10 3 7
b 3 9 5 7 2 0 0 0
s 8
b 2 0 3 0 1 1 0 0
b 0 1 0 1 0 0 0 0
s 10
b 1 0 0 0 0 0 0 0
s 4
b 1 0 0 0 0 1 1 1
s 8
b 7 3 1 0 0 0 0 0
s 161
b 4 0 0 0 0 0 0 0
s 20
b 1 0 0 0 0 0 0 0
s 4
b 1 0 1 0 0 0 0 0
b 1 0 0 0 0 0 0 0
s 12
b 1 0 0 0 0 0 0 0
s 17
b 2 0 0 0 0 0 0 0
s 808
b 1 0 0 0 0 0 1 0
b 1 1 0 0 3 0 0 3
s 3
b 1 0 0 0 0 0 0 0
s 6
b 2 0 0 0 0 1 1 0
s 32
b 3 0 15 0 6 1 0 1
b 1 1 1 0 0 1 3 2
b 0 4 1 1 8 0 0 0
s 8
b 1 0 0 0 0 0 0 0
s 39
b 6 1 11 0 8 0 2 9
b 1 2 0 0 0 0 1 0
b 0 2 0 0 2 6 4 1
b 0 4 5 1 0 0 0 0
s 4
b 1 0 0 0 0 0 0 0
b 0 1 0 0 0 0 0 0
b 1 0 0 0 0 0 0 0
b 0 5 1 0 0 0 0 0
s 13
b 1 0 0 0 0 0 0 0
s 26
b 10 0 6 0 4 1 1 1
b 1 0 0 0 0 2 9 2
b 0 1 0 2 7 0 0 0
s 8
b 2 2 0 1 0 0 0 2
b 1 0 0 0 0 1 0 0
s 31
b 6 1 4 0 3 1 0 4
b 1 1 0 0 0 1 0 0
s 3
b 4 1 9 11 1 0 2 3
b 1 0 0 0 0 0 0 0
s 11
b 1 0 0 0 0 1 0 0
b 1 1 0 0 0 0 0 6
b 3 0 0 0 0 0 0 0
s 239
b 1 0 0 0 0 0 0 0
s 25
b 1 1 0 1 0 2 3 0
b 2 5 0 1 0 1 1 0
b 32 1 5 0 0 0 0 0
s 4
b 3 0 0 0 0 0 0 0
s 57
b 2 0 0 0 0 0 0 1
s 309
b 1 0 0 0 0 0 0 0
s 3
b 17 236 7 2 4 8 0 0
b 4 2 22 5 0 6 40 13
b 9 5 5 2 13 228 10 33
b 6 6 2 3 6 5 0 1
b 6 6 5 6 2 0 20 13
b 4 2 12 16 0 4 3 4
b 0 7 0 2 1 0 1 3
b 7 88 11 2 4 6 56 54
b 62 3 5 10 10 4 0 7
b 4 3 1 4 1 38 1 126
b 10 4 63 8 1 5 9 38
b 169 18 10 9 7 0 0 13
b 106 28 4 3 26 10 6 1
b 14 21 15 7 0 0 0 0
s 48
b 1 1 1 0 0 0 0 0
b 0 1 0 0 0 0 0 0
s 12
b 2 16 116 18 14 7 257 134
b 13 30 0 18 0 205 43 19
b 12 9 9 11 511 40 15 17
b 15 3 4 1 0 3 2 9
b 0 6 0 0 28 15 9 3
b 20 19 2 2 0 15 0 0
b 3 0 2 0 6 5 8 202
b 26 5 5 6 82 12 122 118
b 11 9 23 11 5 7 9 2
b 4 9 29 26 37 9 249 4
b 11 111 17 13 18 101 225 105
b 29 12 9 0 0 0 166 89
b 15 4 39 43 4 9 31 19
b 35 6 0 0 0 0 0 0
s 152
b 1 0 0 0 0 0 0 0
s 247
b 1 0 0 0 0 0 0 1
b 1 0 1 0 0 0 0 0
s 5
b 1 0 0 0 0 0 0 0
s 17
b 1 0 0 0 0 1 0 0
s 75
b 1 0 0 0 0 0 0 0
s 22
b 1 0 0 0 0 0 0 0
s 10
b 1 1 0 0 0 0 0 0
s 3
b 1 0 0 0 0 0 0 0
s 97
b 1 1 0 0 0 0 0 0
s 88
b 1 0 0 0 0 0 0 0
s 6630
b 1 0 0 0 0 0 0 0
s 3220
b 1 0 0 0 0 0 0 0
b 1 0 0 1 0 0 0 0
s 221
b 1 0 0 0 0 0 0 0
s 113
b 1 0 0 0 0 0 0 0
s 16
b 1 1 0 0 0 0 0 0
s 7
b 1 0 0 0 0 0 0 0
s 4
b 1 0 0 0 0 0 0 0
s 3
b 1 1 0 0 0 0 0 0
s 46
b 1 0 0 0 0 0 0 0
s 40
b 1 0 0 0 0 0 0 0
s 211
b 1 0 0 0 0 0 0 0
s 1771
b 1 0 0 0 0 0 0 0
s 349
b 1 0 0 0 0 0 0 0
s 68
b 1 0 0 0 0 0 0 0
s 9
b 1 0 0 0 0 1 0 0
s 15
b 1 0 0 0 0 0 0 0
s 25
b 1 0 0 0 0 0 0 0
s 49
b 1 0 0 0 0 0 0 0
s 546
b 1 0 0 0 0 0 0 0
s 28
b 2 0 0 0 0 0 0 0
s 70
b 1 0 0 0 0 0 0 0
s 1114
b 2 0 0 0 0 0 0 0
s 3063
b 1 0 0 0 0 0 0 0
b 1 0 0 0 0 0 0 0
s 799
b 1 0 0 0 0 0 0 0
s 3666
b 1 0 0 0 0 0 0 0
s 870
b 5 3 1 0 0 0 0 0
s 355
b 1 0 0 0 0 0 1 0
s 46
b 1 0 0 0 0 0 0 0
s 611
b 2 0 0 1 4 0 0 0
s 1667
b 1 0 0 0 0 0 0 0
s 5
b 1 0 0 0 0 0 0 0
s 1268
b 1 0 0 0 0 0 0 0
s 11
b 1 1 0 0 0 1 0 0
s 1147
b 2 0 1 0 0 0 3 0
s 1192
b 1 0 0 1 0 0 0 0
s 3
b 1 0 0 0 0 0 0 0
s 65
b 1 0 0 0 0 0 0 0
s 424
b 1 0 0 0 0 0 0 1
s 24
b 1 0 0 0 0 0 0 0
s 848
b 3 0 0 0 0 0 0 0
s 6
b 1 0 0 0 0 0 1 0
s 10
b 1 0 0 0 0 0 0 0
s 19
b 1 0 0 0 0 0 0 0
s 3
b 1 0 0 0 0 0 0 0
s 2520
b 1 0 0 0 0 0 0 0
s 1539
b 1 2 0 2 0 0 1 0
s 123
b 1 0 0 1 0 0 0 0
s 15
b 1 0 0 0 0 0 0 0
s 23
b 2 0 0 0 1 0 0 0
b 0 1 0 0 0 0 0 1
s 14
b 1 4 0 4 16 5 0 0
s 6
b 1 1 0 0 0 0 0 0
s 1294
z
